<?xml version="1.0" encoding="UTF-8"?>
<testsuite name="com.poc.movies.loader.inventory.MainMovieLoaderTest" tests="3" skipped="0" failures="0" errors="0" timestamp="2020-07-08T16:37:11" hostname="Dojo" time="0.114">
  <properties/>
  <testcase name="should_extract_movie_from_csv_line_containing_quotes_in_title" classname="com.poc.movies.loader.inventory.MainMovieLoaderTest" time="0.114"/>
  <testcase name="should_extract_movie_from_regular_csv_line" classname="com.poc.movies.loader.inventory.MainMovieLoaderTest" time="0.0"/>
  <testcase name="should_extract_movie_from_csv_line_containing_coma_in_title" classname="com.poc.movies.loader.inventory.MainMovieLoaderTest" time="0.0"/>
  <system-out><![CDATA[]]></system-out>
  <system-err><![CDATA[]]></system-err>
</testsuite>
