<?xml version="1.0" encoding="UTF-8"?>
<testsuite name="com.poc.movies.batch.inventory.engine.MovieDescriptorProcessorTest" tests="2" skipped="0" failures="0" errors="0" timestamp="2020-07-14T20:18:09" hostname="Dojo" time="0.001">
  <properties/>
  <testcase name="should_replace_empty_categories" classname="com.poc.movies.batch.inventory.engine.MovieDescriptorProcessorTest" time="0.001"/>
  <testcase name="should_lower_case_categories" classname="com.poc.movies.batch.inventory.engine.MovieDescriptorProcessorTest" time="0.0"/>
  <system-out><![CDATA[]]></system-out>
  <system-err><![CDATA[]]></system-err>
</testsuite>
