<?xml version="1.0" encoding="UTF-8"?>
<testsuite name="com.poc.movies.ratings.RatingsServiceTest" tests="5" skipped="0" failures="0" errors="0" timestamp="2020-07-14T18:27:38" hostname="Dojo" time="0.584">
  <properties/>
  <testcase name="should_retrieve_ratings_by_movieId" classname="com.poc.movies.ratings.RatingsServiceTest" time="0.408"/>
  <testcase name="should_insert_many_ratings" classname="com.poc.movies.ratings.RatingsServiceTest" time="0.064"/>
  <testcase name="should_throws_IllegalArgumentException_when_get_unknown_rating" classname="com.poc.movies.ratings.RatingsServiceTest" time="0.024"/>
  <testcase name="should_insert_one_rating_then_retrieve_it" classname="com.poc.movies.ratings.RatingsServiceTest" time="0.016"/>
  <testcase name="should_retrieve_ratings_by_userId" classname="com.poc.movies.ratings.RatingsServiceTest" time="0.068"/>
  <system-out><![CDATA[20:27:36.682 [Test worker] DEBUG org.springframework.test.annotation.ProfileValueUtils - Retrieved @ProfileValueSourceConfiguration [null] for test class [com.poc.movies.ratings.RatingsServiceTest]
20:27:36.682 [Test worker] DEBUG org.springframework.test.annotation.ProfileValueUtils - Retrieved ProfileValueSource type [class org.springframework.test.annotation.SystemProfileValueSource] for class [com.poc.movies.ratings.RatingsServiceTest]
20:27:36.682 [Test worker] DEBUG org.springframework.test.annotation.ProfileValueUtils - Retrieved @ProfileValueSourceConfiguration [null] for test class [com.poc.movies.ratings.RatingsServiceTest]
20:27:36.683 [Test worker] DEBUG org.springframework.test.annotation.ProfileValueUtils - Retrieved ProfileValueSource type [class org.springframework.test.annotation.SystemProfileValueSource] for class [com.poc.movies.ratings.RatingsServiceTest]
20:27:36.685 [Test worker] DEBUG org.springframework.test.context.support.AbstractDirtiesContextTestExecutionListener - Before test class: context [DefaultTestContext@2a2fbafc testClass = RatingsServiceTest, testInstance = [null], testMethod = [null], testException = [null], mergedContextConfiguration = [WebMergedContextConfiguration@24e816c0 testClass = RatingsServiceTest, locations = '{}', classes = '{class com.poc.movies.ratings.RatingsApp, class com.poc.movies.ratings.RatingsApp}', contextInitializerClasses = '[]', activeProfiles = '{}', propertySourceLocations = '{}', propertySourceProperties = '{org.springframework.boot.test.context.SpringBootTestContextBootstrapper=true}', contextCustomizers = set[org.springframework.boot.test.autoconfigure.properties.PropertyMappingContextCustomizer@0, org.springframework.boot.test.autoconfigure.web.servlet.WebDriverContextCustomizerFactory$Customizer@586d87b8, org.springframework.boot.test.context.filter.ExcludeFilterContextCustomizer@79fafbc5, org.springframework.boot.test.json.DuplicateJsonObjectContextCustomizerFactory$DuplicateJsonObjectContextCustomizer@37c7661c, org.springframework.boot.test.mock.mockito.MockitoContextCustomizer@0, org.springframework.boot.test.web.client.TestRestTemplateContextCustomizer@67bda442, org.springframework.boot.test.context.SpringBootTestArgs@1], resourceBasePath = 'src/main/webapp', contextLoader = 'org.springframework.boot.test.context.SpringBootContextLoader', parent = [null]], attributes = map['org.springframework.test.context.web.ServletTestExecutionListener.activateListener' -> true]], class annotated with @DirtiesContext [false] with mode [null].
20:27:36.686 [Test worker] DEBUG org.springframework.test.annotation.ProfileValueUtils - Retrieved @ProfileValueSourceConfiguration [null] for test class [com.poc.movies.ratings.RatingsServiceTest]
20:27:36.686 [Test worker] DEBUG org.springframework.test.annotation.ProfileValueUtils - Retrieved ProfileValueSource type [class org.springframework.test.annotation.SystemProfileValueSource] for class [com.poc.movies.ratings.RatingsServiceTest]
20:27:36.702 [Test worker] DEBUG org.springframework.test.context.support.TestPropertySourceUtils - Adding inlined properties to environment: {spring.jmx.enabled=false, org.springframework.boot.test.context.SpringBootTestContextBootstrapper=true}

  .   ____          _            __ _ _
 /\\ / ___'_ __ _ _(_)_ __  __ _ \ \ \ \
( ( )\___ | '_ | '_| | '_ \/ _` | \ \ \ \
 \\/  ___)| |_)| | | | | || (_| |  ) ) ) )
  '  |____| .__|_| |_|_| |_\__, | / / / /
 =========|_|==============|___/=/_/_/_/
 :: Spring Boot ::        (v2.3.1.RELEASE)

2020-07-14 20:27:36.904  INFO 37650 --- [    Test worker] c.poc.movies.ratings.RatingsServiceTest  : Starting RatingsServiceTest on Dojo with PID 37650 (started by kensai in /home/kensai/git/poc-movies/ratings)
2020-07-14 20:27:36.905  INFO 37650 --- [    Test worker] c.poc.movies.ratings.RatingsServiceTest  : No active profile set, falling back to default profiles: default
2020-07-14 20:27:37.611  INFO 37650 --- [    Test worker] com.zaxxer.hikari.HikariDataSource       : HikariPool-1 - Starting...
2020-07-14 20:27:37.847  INFO 37650 --- [    Test worker] com.zaxxer.hikari.HikariDataSource       : HikariPool-1 - Start completed.
2020-07-14 20:27:38.226  INFO 37650 --- [    Test worker] o.s.s.concurrent.ThreadPoolTaskExecutor  : Initializing ExecutorService 'applicationTaskExecutor'
2020-07-14 20:27:38.443  INFO 37650 --- [    Test worker] c.poc.movies.ratings.RatingsServiceTest  : Started RatingsServiceTest in 1.736 seconds (JVM running for 2.351)
]]></system-out>
  <system-err><![CDATA[]]></system-err>
</testsuite>
