<?xml version="1.0" encoding="UTF-8"?>
<testsuite name="com.poc.movies.inventory.AppTest" tests="1" skipped="0" failures="0" errors="0" timestamp="2020-07-03T14:19:30" hostname="Dojo" time="0.09">
  <properties/>
  <testcase name="appHasAGreeting()" classname="com.poc.movies.inventory.AppTest" time="0.09"/>
  <system-out><![CDATA[]]></system-out>
  <system-err><![CDATA[]]></system-err>
</testsuite>
