<?xml version="1.0" encoding="UTF-8"?>
<testsuite name="com.poc.movies.inventory.db.MovieCategoryRepositoryTest" tests="6" skipped="0" failures="0" errors="0" timestamp="2020-07-08T16:37:19" hostname="Dojo" time="0.47">
  <properties/>
  <testcase name="should_findAllByCategoryName_return_empty_for_unknown_values" classname="com.poc.movies.inventory.db.MovieCategoryRepositoryTest" time="0.096"/>
  <testcase name="should_insert_entity" classname="com.poc.movies.inventory.db.MovieCategoryRepositoryTest" time="0.062"/>
  <testcase name="should_findAllByMovieId_return_expected_values" classname="com.poc.movies.inventory.db.MovieCategoryRepositoryTest" time="0.085"/>
  <testcase name="should_findAllByMovieId_return_empty_for_unknown_values" classname="com.poc.movies.inventory.db.MovieCategoryRepositoryTest" time="0.104"/>
  <testcase name="should_findAllByCategoryName_return_expected_values" classname="com.poc.movies.inventory.db.MovieCategoryRepositoryTest" time="0.055"/>
  <testcase name="should_delete_existing_category" classname="com.poc.movies.inventory.db.MovieCategoryRepositoryTest" time="0.064"/>
  <system-out><![CDATA[]]></system-out>
  <system-err><![CDATA[]]></system-err>
</testsuite>
