<?xml version="1.0" encoding="UTF-8"?>
<testsuite name="com.poc.movies.inventory.InventoryAppTest" tests="1" skipped="0" failures="0" errors="0" timestamp="2020-07-08T16:37:17" hostname="Dojo" time="0.042">
  <properties/>
  <testcase name="appHasAGreeting()" classname="com.poc.movies.inventory.InventoryAppTest" time="0.042"/>
  <system-out><![CDATA[]]></system-out>
  <system-err><![CDATA[]]></system-err>
</testsuite>
