<?xml version="1.0" encoding="UTF-8"?>
<testsuite name="com.poc.movies.inventory.db.CategoryRepositoryTest" tests="4" skipped="0" failures="0" errors="0" timestamp="2020-07-08T16:37:19" hostname="Dojo" time="0.404">
  <properties/>
  <testcase name="should_insert_category_on_duplicate" classname="com.poc.movies.inventory.db.CategoryRepositoryTest" time="0.28"/>
  <testcase name="should_insert_category" classname="com.poc.movies.inventory.db.CategoryRepositoryTest" time="0.053"/>
  <testcase name="should_find_nothing_in_table_at_startup" classname="com.poc.movies.inventory.db.CategoryRepositoryTest" time="0.017"/>
  <testcase name="should_delete_existing_category" classname="com.poc.movies.inventory.db.CategoryRepositoryTest" time="0.053"/>
  <system-out><![CDATA[18:37:17.486 [Test worker] DEBUG org.springframework.test.annotation.ProfileValueUtils - Retrieved @ProfileValueSourceConfiguration [null] for test class [com.poc.movies.inventory.db.CategoryRepositoryTest]
18:37:17.486 [Test worker] DEBUG org.springframework.test.annotation.ProfileValueUtils - Retrieved ProfileValueSource type [class org.springframework.test.annotation.SystemProfileValueSource] for class [com.poc.movies.inventory.db.CategoryRepositoryTest]
18:37:17.486 [Test worker] DEBUG org.springframework.test.annotation.ProfileValueUtils - Retrieved @ProfileValueSourceConfiguration [null] for test class [com.poc.movies.inventory.db.CategoryRepositoryTest]
18:37:17.486 [Test worker] DEBUG org.springframework.test.annotation.ProfileValueUtils - Retrieved ProfileValueSource type [class org.springframework.test.annotation.SystemProfileValueSource] for class [com.poc.movies.inventory.db.CategoryRepositoryTest]
18:37:17.489 [Test worker] DEBUG org.springframework.test.context.support.AbstractDirtiesContextTestExecutionListener - Before test class: context [DefaultTestContext@7e178073 testClass = CategoryRepositoryTest, testInstance = [null], testMethod = [null], testException = [null], mergedContextConfiguration = [WebMergedContextConfiguration@62c67c0f testClass = CategoryRepositoryTest, locations = '{}', classes = '{class com.poc.movies.inventory.InventoryApp, class com.poc.movies.inventory.InventoryApp}', contextInitializerClasses = '[]', activeProfiles = '{}', propertySourceLocations = '{}', propertySourceProperties = '{org.springframework.boot.test.context.SpringBootTestContextBootstrapper=true}', contextCustomizers = set[org.springframework.boot.test.autoconfigure.properties.PropertyMappingContextCustomizer@0, org.springframework.boot.test.autoconfigure.web.servlet.WebDriverContextCustomizerFactory$Customizer@7efc4742, org.springframework.boot.test.context.filter.ExcludeFilterContextCustomizer@7880f2a8, org.springframework.boot.test.json.DuplicateJsonObjectContextCustomizerFactory$DuplicateJsonObjectContextCustomizer@6f24ab0d, org.springframework.boot.test.mock.mockito.MockitoContextCustomizer@0, org.springframework.boot.test.web.client.TestRestTemplateContextCustomizer@1f8e4486, org.springframework.boot.test.context.SpringBootTestArgs@1], resourceBasePath = 'src/main/webapp', contextLoader = 'org.springframework.boot.test.context.SpringBootContextLoader', parent = [null]], attributes = map['org.springframework.test.context.web.ServletTestExecutionListener.activateListener' -> true]], class annotated with @DirtiesContext [false] with mode [null].
18:37:17.490 [Test worker] DEBUG org.springframework.test.annotation.ProfileValueUtils - Retrieved @ProfileValueSourceConfiguration [null] for test class [com.poc.movies.inventory.db.CategoryRepositoryTest]
18:37:17.490 [Test worker] DEBUG org.springframework.test.annotation.ProfileValueUtils - Retrieved ProfileValueSource type [class org.springframework.test.annotation.SystemProfileValueSource] for class [com.poc.movies.inventory.db.CategoryRepositoryTest]
18:37:17.503 [Test worker] DEBUG org.springframework.test.context.support.TestPropertySourceUtils - Adding inlined properties to environment: {spring.jmx.enabled=false, org.springframework.boot.test.context.SpringBootTestContextBootstrapper=true}

  .   ____          _            __ _ _
 /\\ / ___'_ __ _ _(_)_ __  __ _ \ \ \ \
( ( )\___ | '_ | '_| | '_ \/ _` | \ \ \ \
 \\/  ___)| |_)| | | | | || (_| |  ) ) ) )
  '  |____| .__|_| |_|_| |_\__, | / / / /
 =========|_|==============|___/=/_/_/_/
 :: Spring Boot ::        (v2.3.1.RELEASE)

2020-07-08 18:37:17.694  INFO 141960 --- [    Test worker] c.p.m.i.db.CategoryRepositoryTest        : Starting CategoryRepositoryTest on Dojo with PID 141960 (started by kensai in /home/kensai/git/poc-movies/inventory)
2020-07-08 18:37:17.695  INFO 141960 --- [    Test worker] c.p.m.i.db.CategoryRepositoryTest        : No active profile set, falling back to default profiles: default
2020-07-08 18:37:18.395  INFO 141960 --- [    Test worker] com.zaxxer.hikari.HikariDataSource       : HikariPool-1 - Starting...
2020-07-08 18:37:18.637  INFO 141960 --- [    Test worker] com.zaxxer.hikari.HikariDataSource       : HikariPool-1 - Start completed.
2020-07-08 18:37:19.053  INFO 141960 --- [    Test worker] o.s.s.concurrent.ThreadPoolTaskExecutor  : Initializing ExecutorService 'applicationTaskExecutor'
2020-07-08 18:37:19.268  INFO 141960 --- [    Test worker] c.p.m.i.db.CategoryRepositoryTest        : Started CategoryRepositoryTest in 1.761 seconds (JVM running for 2.492)
]]></system-out>
  <system-err><![CDATA[]]></system-err>
</testsuite>
