<?xml version="1.0" encoding="UTF-8"?>
<testsuite name="com.poc.movies.inventory.db.MovieRepositoryTest" tests="4" skipped="0" failures="0" errors="0" timestamp="2020-07-08T16:37:20" hostname="Dojo" time="0.106">
  <properties/>
  <testcase name="should_update_existing_movie" classname="com.poc.movies.inventory.db.MovieRepositoryTest" time="0.042"/>
  <testcase name="should_insert_movie" classname="com.poc.movies.inventory.db.MovieRepositoryTest" time="0.025"/>
  <testcase name="should_find_nothing_in_table_at_startup" classname="com.poc.movies.inventory.db.MovieRepositoryTest" time="0.012"/>
  <testcase name="should_delete_existing_movie" classname="com.poc.movies.inventory.db.MovieRepositoryTest" time="0.025"/>
  <system-out><![CDATA[]]></system-out>
  <system-err><![CDATA[]]></system-err>
</testsuite>
